[debug] [2026-01-05T16:45:16.788Z] ----------------------------------------------------------------------
[debug] [2026-01-05T16:45:16.790Z] Command:       C:\Program Files\nodejs\node.exe C:\Users\acer\AppData\Roaming\npm\node_modules\firebase-tools\lib\bin\firebase.js deploy
[debug] [2026-01-05T16:45:16.790Z] CLI Version:   15.1.0
[debug] [2026-01-05T16:45:16.790Z] Platform:      win32
[debug] [2026-01-05T16:45:16.790Z] Node Version:  v25.2.1
[debug] [2026-01-05T16:45:16.791Z] Time:          Mon Jan 05 2026 23:45:16 GMT+0700 (Indochina Time)
[debug] [2026-01-05T16:45:16.791Z] ----------------------------------------------------------------------
[debug] 
[debug] [2026-01-05T16:45:19.617Z] > command requires scopes: ["email","openid","https://www.googleapis.com/auth/cloudplatformprojects.readonly","https://www.googleapis.com/auth/firebase","https://www.googleapis.com/auth/cloud-platform"]
[debug] [2026-01-05T16:45:19.617Z] > authorizing via signed-in user (filmcimeuxng@gmail.com)
[debug] [2026-01-05T16:45:19.617Z] [iam] checking project thanadon-myproject for permissions ["firebase.projects.get","firebasehosting.sites.update"]
[debug] [2026-01-05T16:45:19.618Z] Checked if tokens are valid: true, expires at: 1767634557881
[debug] [2026-01-05T16:45:19.619Z] Checked if tokens are valid: true, expires at: 1767634557881
[debug] [2026-01-05T16:45:19.620Z] >>> [apiv2][query] POST https://cloudresourcemanager.googleapis.com/v1/projects/thanadon-myproject:testIamPermissions [none]
[debug] [2026-01-05T16:45:19.620Z] >>> [apiv2][(partial)header] POST https://cloudresourcemanager.googleapis.com/v1/projects/thanadon-myproject:testIamPermissions x-goog-quota-user=projects/thanadon-myproject
[debug] [2026-01-05T16:45:19.620Z] >>> [apiv2][body] POST https://cloudresourcemanager.googleapis.com/v1/projects/thanadon-myproject:testIamPermissions {"permissions":["firebase.projects.get","firebasehosting.sites.update"]}
[debug] [2026-01-05T16:45:20.871Z] <<< [apiv2][status] POST https://cloudresourcemanager.googleapis.com/v1/projects/thanadon-myproject:testIamPermissions 200
[debug] [2026-01-05T16:45:20.871Z] <<< [apiv2][body] POST https://cloudresourcemanager.googleapis.com/v1/projects/thanadon-myproject:testIamPermissions {"permissions":["firebase.projects.get","firebasehosting.sites.update"]}
[debug] [2026-01-05T16:45:20.871Z] Checked if tokens are valid: true, expires at: 1767634557881
[debug] [2026-01-05T16:45:20.871Z] Checked if tokens are valid: true, expires at: 1767634557881
[debug] [2026-01-05T16:45:20.871Z] >>> [apiv2][query] GET https://firebase.googleapis.com/v1beta1/projects/thanadon-myproject [none]
[debug] [2026-01-05T16:45:21.509Z] <<< [apiv2][status] GET https://firebase.googleapis.com/v1beta1/projects/thanadon-myproject 200
[debug] [2026-01-05T16:45:21.509Z] <<< [apiv2][body] GET https://firebase.googleapis.com/v1beta1/projects/thanadon-myproject {"projectId":"thanadon-myproject","projectNumber":"263226640778","displayName":"Thanadon-MyProject","name":"projects/thanadon-myproject","resources":{"hostingSite":"thanadon-myproject"},"state":"ACTIVE","etag":"1_ae621b94-e4de-447e-a337-5c4d5f5e8e9f"}
[info] 
[info] === Deploying to 'thanadon-myproject'...
[info] 
[info] i  deploying hosting 
[debug] [2026-01-05T16:45:21.514Z] Checked if tokens are valid: true, expires at: 1767634557881
[debug] [2026-01-05T16:45:21.514Z] Checked if tokens are valid: true, expires at: 1767634557881
[debug] [2026-01-05T16:45:21.514Z] >>> [apiv2][query] POST https://firebasehosting.googleapis.com/v1beta1/projects/-/sites/thanadon-myproject/versions [none]
[debug] [2026-01-05T16:45:21.514Z] >>> [apiv2][body] POST https://firebasehosting.googleapis.com/v1beta1/projects/-/sites/thanadon-myproject/versions {"status":"CREATED","labels":{"deployment-tool":"cli-firebase"}}
[debug] [2026-01-05T16:45:23.285Z] <<< [apiv2][status] POST https://firebasehosting.googleapis.com/v1beta1/projects/-/sites/thanadon-myproject/versions 200
[debug] [2026-01-05T16:45:23.285Z] <<< [apiv2][body] POST https://firebasehosting.googleapis.com/v1beta1/projects/-/sites/thanadon-myproject/versions {"name":"projects/263226640778/sites/thanadon-myproject/versions/62aa231452842fca","status":"CREATED","config":{},"labels":{"deployment-tool":"cli-firebase"}}
[info] i  hosting[thanadon-myproject]: beginning deploy... 
[info] i  hosting[thanadon-myproject]: found 292713 files in ./ 
[debug] [2026-01-05T16:46:41.186Z] [hosting] uploading with 200 concurrency
[debug] [2026-01-05T16:46:41.188Z] [hosting] hash cache [] not populated
[debug] [2026-01-05T16:46:41.305Z] Error: EBUSY: resource busy or locked, open 'C:\Users\acer\ntuser.dat.log2'
[error] 
[error] Error: An unexpected error has occurred.
[debug] [2026-01-05T16:46:41.307Z] Error: EBUSY: resource busy or locked, open 'C:\Users\acer\ntuser.dat.log1'
[error] 
[error] Error: An unexpected error has occurred.
[debug] [2026-01-05T16:46:41.308Z] Error: EBUSY: resource busy or locked, open 'C:\Users\acer\ntuser.dat'
[error] 
[error] Error: An unexpected error has occurred.
[debug] [2026-01-05T16:46:41.336Z] Error: EISDIR: illegal operation on a directory, read
[error] 
[error] Error: An unexpected error has occurred.
